package configuration for libffi is not found
have_header: checking for ffi.h... -------------------- no

"/usr/bin/clang -o conftest -I/Users/claytonvisger/.rvm/rubies/ruby-2.0.0-p648/include/ruby-2.0.0/x86_64-darwin16.6.0 -I/Users/claytonvisger/.rvm/rubies/ruby-2.0.0-p648/include/ruby-2.0.0/ruby/backward -I/Users/claytonvisger/.rvm/rubies/ruby-2.0.0-p648/include/ruby-2.0.0 -I. -D_XOPEN_SOURCE -D_DARWIN_C_SOURCE -D_DARWIN_UNLIMITED_SELECT -D_REENTRANT -I/usr/local/opt/libyaml/include -I/usr/local/opt/readline/include -I/usr/local/opt/libksba/include -I/usr/local/opt/openssl/include    -O3 -fno-fast-math -ggdb3 -Wall -Wextra -Wno-unused-parameter -Wno-parentheses -Wno-long-long -Wno-missing-field-initializers -Wunused-variable -Wpointer-arith -Wwrite-strings -Wdeclaration-after-statement -Wshorten-64-to-32 -Wimplicit-function-declaration  -fno-common -pipe conftest.c  -L. -L/Users/claytonvisger/.rvm/rubies/ruby-2.0.0-p648/lib -L/usr/local/opt/libyaml/lib -L/usr/local/opt/readline/lib -L/usr/local/opt/libksba/lib -L/usr/local/opt/openssl/lib -L. -fstack-protector -L/usr/local/lib -L/usr/local/opt/libyaml/lib -L/usr/local/opt/readline/lib -L/usr/local/opt/libksba/lib -L/usr/local/opt/openssl/lib      -lruby.2.0.0  -lpthread -ldl -lobjc "
checked program was:
/* begin */
1: #include "ruby.h"
2: 
3: int main(int argc, char **argv)
4: {
5:   return 0;
6: }
/* end */

"/usr/bin/clang -E -I/Users/claytonvisger/.rvm/rubies/ruby-2.0.0-p648/include/ruby-2.0.0/x86_64-darwin16.6.0 -I/Users/claytonvisger/.rvm/rubies/ruby-2.0.0-p648/include/ruby-2.0.0/ruby/backward -I/Users/claytonvisger/.rvm/rubies/ruby-2.0.0-p648/include/ruby-2.0.0 -I. -D_XOPEN_SOURCE -D_DARWIN_C_SOURCE -D_DARWIN_UNLIMITED_SELECT -D_REENTRANT -I/usr/local/opt/libyaml/include -I/usr/local/opt/readline/include -I/usr/local/opt/libksba/include -I/usr/local/opt/openssl/include    -O3 -fno-fast-math -ggdb3 -Wall -Wextra -Wno-unused-parameter -Wno-parentheses -Wno-long-long -Wno-missing-field-initializers -Wunused-variable -Wpointer-arith -Wwrite-strings -Wdeclaration-after-statement -Wshorten-64-to-32 -Wimplicit-function-declaration  -fno-common -pipe  conftest.c -o conftest.i"
conftest.c:3:10: fatal error: 'ffi.h' file not found
#include <ffi.h>
         ^
1 error generated.
checked program was:
/* begin */
1: #include "ruby.h"
2: 
3: #include <ffi.h>
/* end */

--------------------

find_header: checking for ffi.h in /usr/local/include,/usr/include/ffi... -------------------- yes

"/usr/bin/clang -E -I/Users/claytonvisger/.rvm/rubies/ruby-2.0.0-p648/include/ruby-2.0.0/x86_64-darwin16.6.0 -I/Users/claytonvisger/.rvm/rubies/ruby-2.0.0-p648/include/ruby-2.0.0/ruby/backward -I/Users/claytonvisger/.rvm/rubies/ruby-2.0.0-p648/include/ruby-2.0.0 -I. -D_XOPEN_SOURCE -D_DARWIN_C_SOURCE -D_DARWIN_UNLIMITED_SELECT -D_REENTRANT -I/usr/local/opt/libyaml/include -I/usr/local/opt/readline/include -I/usr/local/opt/libksba/include -I/usr/local/opt/openssl/include    -O3 -fno-fast-math -ggdb3 -Wall -Wextra -Wno-unused-parameter -Wno-parentheses -Wno-long-long -Wno-missing-field-initializers -Wunused-variable -Wpointer-arith -Wwrite-strings -Wdeclaration-after-statement -Wshorten-64-to-32 -Wimplicit-function-declaration  -fno-common -pipe  conftest.c -o conftest.i"
conftest.c:3:10: fatal error: 'ffi.h' file not found
#include <ffi.h>
         ^
1 error generated.
checked program was:
/* begin */
1: #include "ruby.h"
2: 
3: #include <ffi.h>
/* end */

"/usr/bin/clang -E -I/Users/claytonvisger/.rvm/rubies/ruby-2.0.0-p648/include/ruby-2.0.0/x86_64-darwin16.6.0 -I/Users/claytonvisger/.rvm/rubies/ruby-2.0.0-p648/include/ruby-2.0.0/ruby/backward -I/Users/claytonvisger/.rvm/rubies/ruby-2.0.0-p648/include/ruby-2.0.0 -I. -D_XOPEN_SOURCE -D_DARWIN_C_SOURCE -D_DARWIN_UNLIMITED_SELECT -D_REENTRANT -I/usr/local/opt/libyaml/include -I/usr/local/opt/readline/include -I/usr/local/opt/libksba/include -I/usr/local/opt/openssl/include    -O3 -fno-fast-math -ggdb3 -Wall -Wextra -Wno-unused-parameter -Wno-parentheses -Wno-long-long -Wno-missing-field-initializers -Wunused-variable -Wpointer-arith -Wwrite-strings -Wdeclaration-after-statement -Wshorten-64-to-32 -Wimplicit-function-declaration  -fno-common -pipe -I/usr/local/include conftest.c -o conftest.i"
conftest.c:3:10: fatal error: 'ffi.h' file not found
#include <ffi.h>
         ^
1 error generated.
checked program was:
/* begin */
1: #include "ruby.h"
2: 
3: #include <ffi.h>
/* end */

"/usr/bin/clang -E -I/Users/claytonvisger/.rvm/rubies/ruby-2.0.0-p648/include/ruby-2.0.0/x86_64-darwin16.6.0 -I/Users/claytonvisger/.rvm/rubies/ruby-2.0.0-p648/include/ruby-2.0.0/ruby/backward -I/Users/claytonvisger/.rvm/rubies/ruby-2.0.0-p648/include/ruby-2.0.0 -I. -D_XOPEN_SOURCE -D_DARWIN_C_SOURCE -D_DARWIN_UNLIMITED_SELECT -D_REENTRANT -I/usr/local/opt/libyaml/include -I/usr/local/opt/readline/include -I/usr/local/opt/libksba/include -I/usr/local/opt/openssl/include    -O3 -fno-fast-math -ggdb3 -Wall -Wextra -Wno-unused-parameter -Wno-parentheses -Wno-long-long -Wno-missing-field-initializers -Wunused-variable -Wpointer-arith -Wwrite-strings -Wdeclaration-after-statement -Wshorten-64-to-32 -Wimplicit-function-declaration  -fno-common -pipe -I/usr/include/ffi conftest.c -o conftest.i"
checked program was:
/* begin */
1: #include "ruby.h"
2: 
3: #include <ffi.h>
/* end */

--------------------

have_library: checking for ffi_call() in -lffi... -------------------- yes

"/usr/bin/clang -o conftest -I/Users/claytonvisger/.rvm/rubies/ruby-2.0.0-p648/include/ruby-2.0.0/x86_64-darwin16.6.0 -I/Users/claytonvisger/.rvm/rubies/ruby-2.0.0-p648/include/ruby-2.0.0/ruby/backward -I/Users/claytonvisger/.rvm/rubies/ruby-2.0.0-p648/include/ruby-2.0.0 -I. -I/usr/include/ffi -D_XOPEN_SOURCE -D_DARWIN_C_SOURCE -D_DARWIN_UNLIMITED_SELECT -D_REENTRANT -I/usr/local/opt/libyaml/include -I/usr/local/opt/readline/include -I/usr/local/opt/libksba/include -I/usr/local/opt/openssl/include    -O3 -fno-fast-math -ggdb3 -Wall -Wextra -Wno-unused-parameter -Wno-parentheses -Wno-long-long -Wno-missing-field-initializers -Wunused-variable -Wpointer-arith -Wwrite-strings -Wdeclaration-after-statement -Wshorten-64-to-32 -Wimplicit-function-declaration  -fno-common -pipe conftest.c  -L. -L/Users/claytonvisger/.rvm/rubies/ruby-2.0.0-p648/lib -L/usr/local/opt/libyaml/lib -L/usr/local/opt/readline/lib -L/usr/local/opt/libksba/lib -L/usr/local/opt/openssl/lib -L. -fstack-protector -L/usr/local/lib -L/usr/local/opt/libyaml/lib -L/usr/local/opt/readline/lib -L/usr/local/opt/libksba/lib -L/usr/local/opt/openssl/lib      -lruby.2.0.0 -lffi  -lpthread -ldl -lobjc "
checked program was:
/* begin */
 1: #include "ruby.h"
 2: 
 3: #include <ffi.h>
 4: 
 5: /*top*/
 6: extern int t(void);
 7: int t(void) { void ((*volatile p)()); p = (void ((*)()))ffi_call; return 0; }
 8: int main(int argc, char **argv)
 9: {
10:   if (argc > 1000000) {
11:     printf("%p", &t);
12:   }
13: 
14:   return 0;
15: }
/* end */

--------------------

have_func: checking for ffi_prep_closure()... -------------------- yes

"/usr/bin/clang -o conftest -I/Users/claytonvisger/.rvm/rubies/ruby-2.0.0-p648/include/ruby-2.0.0/x86_64-darwin16.6.0 -I/Users/claytonvisger/.rvm/rubies/ruby-2.0.0-p648/include/ruby-2.0.0/ruby/backward -I/Users/claytonvisger/.rvm/rubies/ruby-2.0.0-p648/include/ruby-2.0.0 -I. -I/usr/include/ffi -D_XOPEN_SOURCE -D_DARWIN_C_SOURCE -D_DARWIN_UNLIMITED_SELECT -D_REENTRANT -I/usr/local/opt/libyaml/include -I/usr/local/opt/readline/include -I/usr/local/opt/libksba/include -I/usr/local/opt/openssl/include    -O3 -fno-fast-math -ggdb3 -Wall -Wextra -Wno-unused-parameter -Wno-parentheses -Wno-long-long -Wno-missing-field-initializers -Wunused-variable -Wpointer-arith -Wwrite-strings -Wdeclaration-after-statement -Wshorten-64-to-32 -Wimplicit-function-declaration  -fno-common -pipe conftest.c  -L. -L/Users/claytonvisger/.rvm/rubies/ruby-2.0.0-p648/lib -L/usr/local/opt/libyaml/lib -L/usr/local/opt/readline/lib -L/usr/local/opt/libksba/lib -L/usr/local/opt/openssl/lib -L. -fstack-protector -L/usr/local/lib -L/usr/local/opt/libyaml/lib -L/usr/local/opt/readline/lib -L/usr/local/opt/libksba/lib -L/usr/local/opt/openssl/lib     -lffi  -lruby.2.0.0 -lffi  -lpthread -ldl -lobjc "
conftest.c:5:57: error: use of undeclared identifier 'ffi_prep_closure'
int t(void) { void ((*volatile p)()); p = (void ((*)()))ffi_prep_closure; return 0; }
                                                        ^
1 error generated.
checked program was:
/* begin */
 1: #include "ruby.h"
 2: 
 3: /*top*/
 4: extern int t(void);
 5: int t(void) { void ((*volatile p)()); p = (void ((*)()))ffi_prep_closure; return 0; }
 6: int main(int argc, char **argv)
 7: {
 8:   if (argc > 1000000) {
 9:     printf("%p", &t);
10:   }
11: 
12:   return 0;
13: }
/* end */

"/usr/bin/clang -o conftest -I/Users/claytonvisger/.rvm/rubies/ruby-2.0.0-p648/include/ruby-2.0.0/x86_64-darwin16.6.0 -I/Users/claytonvisger/.rvm/rubies/ruby-2.0.0-p648/include/ruby-2.0.0/ruby/backward -I/Users/claytonvisger/.rvm/rubies/ruby-2.0.0-p648/include/ruby-2.0.0 -I. -I/usr/include/ffi -D_XOPEN_SOURCE -D_DARWIN_C_SOURCE -D_DARWIN_UNLIMITED_SELECT -D_REENTRANT -I/usr/local/opt/libyaml/include -I/usr/local/opt/readline/include -I/usr/local/opt/libksba/include -I/usr/local/opt/openssl/include    -O3 -fno-fast-math -ggdb3 -Wall -Wextra -Wno-unused-parameter -Wno-parentheses -Wno-long-long -Wno-missing-field-initializers -Wunused-variable -Wpointer-arith -Wwrite-strings -Wdeclaration-after-statement -Wshorten-64-to-32 -Wimplicit-function-declaration  -fno-common -pipe conftest.c  -L. -L/Users/claytonvisger/.rvm/rubies/ruby-2.0.0-p648/lib -L/usr/local/opt/libyaml/lib -L/usr/local/opt/readline/lib -L/usr/local/opt/libksba/lib -L/usr/local/opt/openssl/lib -L. -fstack-protector -L/usr/local/lib -L/usr/local/opt/libyaml/lib -L/usr/local/opt/readline/lib -L/usr/local/opt/libksba/lib -L/usr/local/opt/openssl/lib     -lffi  -lruby.2.0.0 -lffi  -lpthread -ldl -lobjc "
conftest.c:5:15: warning: implicit declaration of function 'ffi_prep_closure' is invalid in C99 [-Wimplicit-function-declaration]
int t(void) { ffi_prep_closure(); return 0; }
              ^
1 warning generated.
checked program was:
/* begin */
 1: #include "ruby.h"
 2: 
 3: /*top*/
 4: extern int t(void);
 5: int t(void) { ffi_prep_closure(); return 0; }
 6: int main(int argc, char **argv)
 7: {
 8:   if (argc > 1000000) {
 9:     printf("%p", &t);
10:   }
11: 
12:   return 0;
13: }
/* end */

--------------------

have_func: checking for ffi_raw_call()... -------------------- no

"/usr/bin/clang -o conftest -I/Users/claytonvisger/.rvm/rubies/ruby-2.0.0-p648/include/ruby-2.0.0/x86_64-darwin16.6.0 -I/Users/claytonvisger/.rvm/rubies/ruby-2.0.0-p648/include/ruby-2.0.0/ruby/backward -I/Users/claytonvisger/.rvm/rubies/ruby-2.0.0-p648/include/ruby-2.0.0 -I. -I/usr/include/ffi -D_XOPEN_SOURCE -D_DARWIN_C_SOURCE -D_DARWIN_UNLIMITED_SELECT -D_REENTRANT -I/usr/local/opt/libyaml/include -I/usr/local/opt/readline/include -I/usr/local/opt/libksba/include -I/usr/local/opt/openssl/include    -O3 -fno-fast-math -ggdb3 -Wall -Wextra -Wno-unused-parameter -Wno-parentheses -Wno-long-long -Wno-missing-field-initializers -Wunused-variable -Wpointer-arith -Wwrite-strings -Wdeclaration-after-statement -Wshorten-64-to-32 -Wimplicit-function-declaration  -fno-common -pipe conftest.c  -L. -L/Users/claytonvisger/.rvm/rubies/ruby-2.0.0-p648/lib -L/usr/local/opt/libyaml/lib -L/usr/local/opt/readline/lib -L/usr/local/opt/libksba/lib -L/usr/local/opt/openssl/lib -L. -fstack-protector -L/usr/local/lib -L/usr/local/opt/libyaml/lib -L/usr/local/opt/readline/lib -L/usr/local/opt/libksba/lib -L/usr/local/opt/openssl/lib     -lffi  -lruby.2.0.0 -lffi  -lpthread -ldl -lobjc "
conftest.c:5:57: error: use of undeclared identifier 'ffi_raw_call'
int t(void) { void ((*volatile p)()); p = (void ((*)()))ffi_raw_call; return 0; }
                                                        ^
1 error generated.
checked program was:
/* begin */
 1: #include "ruby.h"
 2: 
 3: /*top*/
 4: extern int t(void);
 5: int t(void) { void ((*volatile p)()); p = (void ((*)()))ffi_raw_call; return 0; }
 6: int main(int argc, char **argv)
 7: {
 8:   if (argc > 1000000) {
 9:     printf("%p", &t);
10:   }
11: 
12:   return 0;
13: }
/* end */

"/usr/bin/clang -o conftest -I/Users/claytonvisger/.rvm/rubies/ruby-2.0.0-p648/include/ruby-2.0.0/x86_64-darwin16.6.0 -I/Users/claytonvisger/.rvm/rubies/ruby-2.0.0-p648/include/ruby-2.0.0/ruby/backward -I/Users/claytonvisger/.rvm/rubies/ruby-2.0.0-p648/include/ruby-2.0.0 -I. -I/usr/include/ffi -D_XOPEN_SOURCE -D_DARWIN_C_SOURCE -D_DARWIN_UNLIMITED_SELECT -D_REENTRANT -I/usr/local/opt/libyaml/include -I/usr/local/opt/readline/include -I/usr/local/opt/libksba/include -I/usr/local/opt/openssl/include    -O3 -fno-fast-math -ggdb3 -Wall -Wextra -Wno-unused-parameter -Wno-parentheses -Wno-long-long -Wno-missing-field-initializers -Wunused-variable -Wpointer-arith -Wwrite-strings -Wdeclaration-after-statement -Wshorten-64-to-32 -Wimplicit-function-declaration  -fno-common -pipe conftest.c  -L. -L/Users/claytonvisger/.rvm/rubies/ruby-2.0.0-p648/lib -L/usr/local/opt/libyaml/lib -L/usr/local/opt/readline/lib -L/usr/local/opt/libksba/lib -L/usr/local/opt/openssl/lib -L. -fstack-protector -L/usr/local/lib -L/usr/local/opt/libyaml/lib -L/usr/local/opt/readline/lib -L/usr/local/opt/libksba/lib -L/usr/local/opt/openssl/lib     -lffi  -lruby.2.0.0 -lffi  -lpthread -ldl -lobjc "
conftest.c:5:15: warning: implicit declaration of function 'ffi_raw_call' is invalid in C99 [-Wimplicit-function-declaration]
int t(void) { ffi_raw_call(); return 0; }
              ^
1 warning generated.
Undefined symbols for architecture x86_64:
  "_ffi_raw_call", referenced from:
      _t in conftest-c74472.o
ld: symbol(s) not found for architecture x86_64
clang: error: linker command failed with exit code 1 (use -v to see invocation)
checked program was:
/* begin */
 1: #include "ruby.h"
 2: 
 3: /*top*/
 4: extern int t(void);
 5: int t(void) { ffi_raw_call(); return 0; }
 6: int main(int argc, char **argv)
 7: {
 8:   if (argc > 1000000) {
 9:     printf("%p", &t);
10:   }
11: 
12:   return 0;
13: }
/* end */

--------------------

have_header: checking for shlwapi.h... -------------------- no

"/usr/bin/clang -E -I/Users/claytonvisger/.rvm/rubies/ruby-2.0.0-p648/include/ruby-2.0.0/x86_64-darwin16.6.0 -I/Users/claytonvisger/.rvm/rubies/ruby-2.0.0-p648/include/ruby-2.0.0/ruby/backward -I/Users/claytonvisger/.rvm/rubies/ruby-2.0.0-p648/include/ruby-2.0.0 -I. -I/usr/include/ffi -D_XOPEN_SOURCE -D_DARWIN_C_SOURCE -D_DARWIN_UNLIMITED_SELECT -D_REENTRANT -I/usr/local/opt/libyaml/include -I/usr/local/opt/readline/include -I/usr/local/opt/libksba/include -I/usr/local/opt/openssl/include    -O3 -fno-fast-math -ggdb3 -Wall -Wextra -Wno-unused-parameter -Wno-parentheses -Wno-long-long -Wno-missing-field-initializers -Wunused-variable -Wpointer-arith -Wwrite-strings -Wdeclaration-after-statement -Wshorten-64-to-32 -Wimplicit-function-declaration  -fno-common -pipe  conftest.c -o conftest.i"
conftest.c:3:10: fatal error: 'shlwapi.h' file not found
#include <shlwapi.h>
         ^
1 error generated.
checked program was:
/* begin */
1: #include "ruby.h"
2: 
3: #include <shlwapi.h>
/* end */

--------------------

have_func: checking for rb_thread_blocking_region()... -------------------- yes

"/usr/bin/clang -o conftest -I/Users/claytonvisger/.rvm/rubies/ruby-2.0.0-p648/include/ruby-2.0.0/x86_64-darwin16.6.0 -I/Users/claytonvisger/.rvm/rubies/ruby-2.0.0-p648/include/ruby-2.0.0/ruby/backward -I/Users/claytonvisger/.rvm/rubies/ruby-2.0.0-p648/include/ruby-2.0.0 -I. -I/usr/include/ffi -D_XOPEN_SOURCE -D_DARWIN_C_SOURCE -D_DARWIN_UNLIMITED_SELECT -D_REENTRANT -I/usr/local/opt/libyaml/include -I/usr/local/opt/readline/include -I/usr/local/opt/libksba/include -I/usr/local/opt/openssl/include    -O3 -fno-fast-math -ggdb3 -Wall -Wextra -Wno-unused-parameter -Wno-parentheses -Wno-long-long -Wno-missing-field-initializers -Wunused-variable -Wpointer-arith -Wwrite-strings -Wdeclaration-after-statement -Wshorten-64-to-32 -Wimplicit-function-declaration  -fno-common -pipe conftest.c  -L. -L/Users/claytonvisger/.rvm/rubies/ruby-2.0.0-p648/lib -L/usr/local/opt/libyaml/lib -L/usr/local/opt/readline/lib -L/usr/local/opt/libksba/lib -L/usr/local/opt/openssl/lib -L. -fstack-protector -L/usr/local/lib -L/usr/local/opt/libyaml/lib -L/usr/local/opt/readline/lib -L/usr/local/opt/libksba/lib -L/usr/local/opt/openssl/lib     -lffi  -lruby.2.0.0 -lffi  -lpthread -ldl -lobjc "
conftest.c:5:57: warning: 'rb_thread_blocking_region' is deprecated [-Wdeprecated-declarations]
int t(void) { void ((*volatile p)()); p = (void ((*)()))rb_thread_blocking_region; return 0; }
                                                        ^
/Users/claytonvisger/.rvm/rubies/ruby-2.0.0-p648/include/ruby-2.0.0/ruby/intern.h:841:18: note: 'rb_thread_blocking_region' has been explicitly marked deprecated here
DEPRECATED(VALUE rb_thread_blocking_region(rb_blocking_function_t *func, void *data1,
                 ^
1 warning generated.
checked program was:
/* begin */
 1: #include "ruby.h"
 2: 
 3: /*top*/
 4: extern int t(void);
 5: int t(void) { void ((*volatile p)()); p = (void ((*)()))rb_thread_blocking_region; return 0; }
 6: int main(int argc, char **argv)
 7: {
 8:   if (argc > 1000000) {
 9:     printf("%p", &t);
10:   }
11: 
12:   return 0;
13: }
/* end */

--------------------

have_func: checking for rb_thread_call_with_gvl()... -------------------- yes

"/usr/bin/clang -o conftest -I/Users/claytonvisger/.rvm/rubies/ruby-2.0.0-p648/include/ruby-2.0.0/x86_64-darwin16.6.0 -I/Users/claytonvisger/.rvm/rubies/ruby-2.0.0-p648/include/ruby-2.0.0/ruby/backward -I/Users/claytonvisger/.rvm/rubies/ruby-2.0.0-p648/include/ruby-2.0.0 -I. -I/usr/include/ffi -D_XOPEN_SOURCE -D_DARWIN_C_SOURCE -D_DARWIN_UNLIMITED_SELECT -D_REENTRANT -I/usr/local/opt/libyaml/include -I/usr/local/opt/readline/include -I/usr/local/opt/libksba/include -I/usr/local/opt/openssl/include    -O3 -fno-fast-math -ggdb3 -Wall -Wextra -Wno-unused-parameter -Wno-parentheses -Wno-long-long -Wno-missing-field-initializers -Wunused-variable -Wpointer-arith -Wwrite-strings -Wdeclaration-after-statement -Wshorten-64-to-32 -Wimplicit-function-declaration  -fno-common -pipe conftest.c  -L. -L/Users/claytonvisger/.rvm/rubies/ruby-2.0.0-p648/lib -L/usr/local/opt/libyaml/lib -L/usr/local/opt/readline/lib -L/usr/local/opt/libksba/lib -L/usr/local/opt/openssl/lib -L. -fstack-protector -L/usr/local/lib -L/usr/local/opt/libyaml/lib -L/usr/local/opt/readline/lib -L/usr/local/opt/libksba/lib -L/usr/local/opt/openssl/lib     -lffi  -lruby.2.0.0 -lffi  -lpthread -ldl -lobjc "
conftest.c:5:57: error: use of undeclared identifier 'rb_thread_call_with_gvl'
int t(void) { void ((*volatile p)()); p = (void ((*)()))rb_thread_call_with_gvl; return 0; }
                                                        ^
1 error generated.
checked program was:
/* begin */
 1: #include "ruby.h"
 2: 
 3: /*top*/
 4: extern int t(void);
 5: int t(void) { void ((*volatile p)()); p = (void ((*)()))rb_thread_call_with_gvl; return 0; }
 6: int main(int argc, char **argv)
 7: {
 8:   if (argc > 1000000) {
 9:     printf("%p", &t);
10:   }
11: 
12:   return 0;
13: }
/* end */

"/usr/bin/clang -o conftest -I/Users/claytonvisger/.rvm/rubies/ruby-2.0.0-p648/include/ruby-2.0.0/x86_64-darwin16.6.0 -I/Users/claytonvisger/.rvm/rubies/ruby-2.0.0-p648/include/ruby-2.0.0/ruby/backward -I/Users/claytonvisger/.rvm/rubies/ruby-2.0.0-p648/include/ruby-2.0.0 -I. -I/usr/include/ffi -D_XOPEN_SOURCE -D_DARWIN_C_SOURCE -D_DARWIN_UNLIMITED_SELECT -D_REENTRANT -I/usr/local/opt/libyaml/include -I/usr/local/opt/readline/include -I/usr/local/opt/libksba/include -I/usr/local/opt/openssl/include    -O3 -fno-fast-math -ggdb3 -Wall -Wextra -Wno-unused-parameter -Wno-parentheses -Wno-long-long -Wno-missing-field-initializers -Wunused-variable -Wpointer-arith -Wwrite-strings -Wdeclaration-after-statement -Wshorten-64-to-32 -Wimplicit-function-declaration  -fno-common -pipe conftest.c  -L. -L/Users/claytonvisger/.rvm/rubies/ruby-2.0.0-p648/lib -L/usr/local/opt/libyaml/lib -L/usr/local/opt/readline/lib -L/usr/local/opt/libksba/lib -L/usr/local/opt/openssl/lib -L. -fstack-protector -L/usr/local/lib -L/usr/local/opt/libyaml/lib -L/usr/local/opt/readline/lib -L/usr/local/opt/libksba/lib -L/usr/local/opt/openssl/lib     -lffi  -lruby.2.0.0 -lffi  -lpthread -ldl -lobjc "
conftest.c:5:15: warning: implicit declaration of function 'rb_thread_call_with_gvl' is invalid in C99 [-Wimplicit-function-declaration]
int t(void) { rb_thread_call_with_gvl(); return 0; }
              ^
1 warning generated.
checked program was:
/* begin */
 1: #include "ruby.h"
 2: 
 3: /*top*/
 4: extern int t(void);
 5: int t(void) { rb_thread_call_with_gvl(); return 0; }
 6: int main(int argc, char **argv)
 7: {
 8:   if (argc > 1000000) {
 9:     printf("%p", &t);
10:   }
11: 
12:   return 0;
13: }
/* end */

--------------------

have_func: checking for rb_thread_call_without_gvl()... -------------------- yes

"/usr/bin/clang -o conftest -I/Users/claytonvisger/.rvm/rubies/ruby-2.0.0-p648/include/ruby-2.0.0/x86_64-darwin16.6.0 -I/Users/claytonvisger/.rvm/rubies/ruby-2.0.0-p648/include/ruby-2.0.0/ruby/backward -I/Users/claytonvisger/.rvm/rubies/ruby-2.0.0-p648/include/ruby-2.0.0 -I. -I/usr/include/ffi -D_XOPEN_SOURCE -D_DARWIN_C_SOURCE -D_DARWIN_UNLIMITED_SELECT -D_REENTRANT -I/usr/local/opt/libyaml/include -I/usr/local/opt/readline/include -I/usr/local/opt/libksba/include -I/usr/local/opt/openssl/include    -O3 -fno-fast-math -ggdb3 -Wall -Wextra -Wno-unused-parameter -Wno-parentheses -Wno-long-long -Wno-missing-field-initializers -Wunused-variable -Wpointer-arith -Wwrite-strings -Wdeclaration-after-statement -Wshorten-64-to-32 -Wimplicit-function-declaration  -fno-common -pipe conftest.c  -L. -L/Users/claytonvisger/.rvm/rubies/ruby-2.0.0-p648/lib -L/usr/local/opt/libyaml/lib -L/usr/local/opt/readline/lib -L/usr/local/opt/libksba/lib -L/usr/local/opt/openssl/lib -L. -fstack-protector -L/usr/local/lib -L/usr/local/opt/libyaml/lib -L/usr/local/opt/readline/lib -L/usr/local/opt/libksba/lib -L/usr/local/opt/openssl/lib     -lffi  -lruby.2.0.0 -lffi  -lpthread -ldl -lobjc "
conftest.c:5:57: error: use of undeclared identifier 'rb_thread_call_without_gvl'
int t(void) { void ((*volatile p)()); p = (void ((*)()))rb_thread_call_without_gvl; return 0; }
                                                        ^
1 error generated.
checked program was:
/* begin */
 1: #include "ruby.h"
 2: 
 3: /*top*/
 4: extern int t(void);
 5: int t(void) { void ((*volatile p)()); p = (void ((*)()))rb_thread_call_without_gvl; return 0; }
 6: int main(int argc, char **argv)
 7: {
 8:   if (argc > 1000000) {
 9:     printf("%p", &t);
10:   }
11: 
12:   return 0;
13: }
/* end */

"/usr/bin/clang -o conftest -I/Users/claytonvisger/.rvm/rubies/ruby-2.0.0-p648/include/ruby-2.0.0/x86_64-darwin16.6.0 -I/Users/claytonvisger/.rvm/rubies/ruby-2.0.0-p648/include/ruby-2.0.0/ruby/backward -I/Users/claytonvisger/.rvm/rubies/ruby-2.0.0-p648/include/ruby-2.0.0 -I. -I/usr/include/ffi -D_XOPEN_SOURCE -D_DARWIN_C_SOURCE -D_DARWIN_UNLIMITED_SELECT -D_REENTRANT -I/usr/local/opt/libyaml/include -I/usr/local/opt/readline/include -I/usr/local/opt/libksba/include -I/usr/local/opt/openssl/include    -O3 -fno-fast-math -ggdb3 -Wall -Wextra -Wno-unused-parameter -Wno-parentheses -Wno-long-long -Wno-missing-field-initializers -Wunused-variable -Wpointer-arith -Wwrite-strings -Wdeclaration-after-statement -Wshorten-64-to-32 -Wimplicit-function-declaration  -fno-common -pipe conftest.c  -L. -L/Users/claytonvisger/.rvm/rubies/ruby-2.0.0-p648/lib -L/usr/local/opt/libyaml/lib -L/usr/local/opt/readline/lib -L/usr/local/opt/libksba/lib -L/usr/local/opt/openssl/lib -L. -fstack-protector -L/usr/local/lib -L/usr/local/opt/libyaml/lib -L/usr/local/opt/readline/lib -L/usr/local/opt/libksba/lib -L/usr/local/opt/openssl/lib     -lffi  -lruby.2.0.0 -lffi  -lpthread -ldl -lobjc "
conftest.c:5:15: warning: implicit declaration of function 'rb_thread_call_without_gvl' is invalid in C99 [-Wimplicit-function-declaration]
int t(void) { rb_thread_call_without_gvl(); return 0; }
              ^
1 warning generated.
checked program was:
/* begin */
 1: #include "ruby.h"
 2: 
 3: /*top*/
 4: extern int t(void);
 5: int t(void) { rb_thread_call_without_gvl(); return 0; }
 6: int main(int argc, char **argv)
 7: {
 8:   if (argc > 1000000) {
 9:     printf("%p", &t);
10:   }
11: 
12:   return 0;
13: }
/* end */

--------------------

have_func: checking for ffi_prep_cif_var()... -------------------- no

"/usr/bin/clang -o conftest -I/Users/claytonvisger/.rvm/rubies/ruby-2.0.0-p648/include/ruby-2.0.0/x86_64-darwin16.6.0 -I/Users/claytonvisger/.rvm/rubies/ruby-2.0.0-p648/include/ruby-2.0.0/ruby/backward -I/Users/claytonvisger/.rvm/rubies/ruby-2.0.0-p648/include/ruby-2.0.0 -I. -I/usr/include/ffi -D_XOPEN_SOURCE -D_DARWIN_C_SOURCE -D_DARWIN_UNLIMITED_SELECT -D_REENTRANT -I/usr/local/opt/libyaml/include -I/usr/local/opt/readline/include -I/usr/local/opt/libksba/include -I/usr/local/opt/openssl/include    -O3 -fno-fast-math -ggdb3 -Wall -Wextra -Wno-unused-parameter -Wno-parentheses -Wno-long-long -Wno-missing-field-initializers -Wunused-variable -Wpointer-arith -Wwrite-strings -Wdeclaration-after-statement -Wshorten-64-to-32 -Wimplicit-function-declaration  -fno-common -pipe conftest.c  -L. -L/Users/claytonvisger/.rvm/rubies/ruby-2.0.0-p648/lib -L/usr/local/opt/libyaml/lib -L/usr/local/opt/readline/lib -L/usr/local/opt/libksba/lib -L/usr/local/opt/openssl/lib -L. -fstack-protector -L/usr/local/lib -L/usr/local/opt/libyaml/lib -L/usr/local/opt/readline/lib -L/usr/local/opt/libksba/lib -L/usr/local/opt/openssl/lib     -lffi  -lruby.2.0.0 -lffi  -lpthread -ldl -lobjc "
conftest.c:5:57: error: use of undeclared identifier 'ffi_prep_cif_var'
int t(void) { void ((*volatile p)()); p = (void ((*)()))ffi_prep_cif_var; return 0; }
                                                        ^
1 error generated.
checked program was:
/* begin */
 1: #include "ruby.h"
 2: 
 3: /*top*/
 4: extern int t(void);
 5: int t(void) { void ((*volatile p)()); p = (void ((*)()))ffi_prep_cif_var; return 0; }
 6: int main(int argc, char **argv)
 7: {
 8:   if (argc > 1000000) {
 9:     printf("%p", &t);
10:   }
11: 
12:   return 0;
13: }
/* end */

"/usr/bin/clang -o conftest -I/Users/claytonvisger/.rvm/rubies/ruby-2.0.0-p648/include/ruby-2.0.0/x86_64-darwin16.6.0 -I/Users/claytonvisger/.rvm/rubies/ruby-2.0.0-p648/include/ruby-2.0.0/ruby/backward -I/Users/claytonvisger/.rvm/rubies/ruby-2.0.0-p648/include/ruby-2.0.0 -I. -I/usr/include/ffi -D_XOPEN_SOURCE -D_DARWIN_C_SOURCE -D_DARWIN_UNLIMITED_SELECT -D_REENTRANT -I/usr/local/opt/libyaml/include -I/usr/local/opt/readline/include -I/usr/local/opt/libksba/include -I/usr/local/opt/openssl/include    -O3 -fno-fast-math -ggdb3 -Wall -Wextra -Wno-unused-parameter -Wno-parentheses -Wno-long-long -Wno-missing-field-initializers -Wunused-variable -Wpointer-arith -Wwrite-strings -Wdeclaration-after-statement -Wshorten-64-to-32 -Wimplicit-function-declaration  -fno-common -pipe conftest.c  -L. -L/Users/claytonvisger/.rvm/rubies/ruby-2.0.0-p648/lib -L/usr/local/opt/libyaml/lib -L/usr/local/opt/readline/lib -L/usr/local/opt/libksba/lib -L/usr/local/opt/openssl/lib -L. -fstack-protector -L/usr/local/lib -L/usr/local/opt/libyaml/lib -L/usr/local/opt/readline/lib -L/usr/local/opt/libksba/lib -L/usr/local/opt/openssl/lib     -lffi  -lruby.2.0.0 -lffi  -lpthread -ldl -lobjc "
conftest.c:5:15: warning: implicit declaration of function 'ffi_prep_cif_var' is invalid in C99 [-Wimplicit-function-declaration]
int t(void) { ffi_prep_cif_var(); return 0; }
              ^
1 warning generated.
Undefined symbols for architecture x86_64:
  "_ffi_prep_cif_var", referenced from:
      _t in conftest-c61d19.o
ld: symbol(s) not found for architecture x86_64
clang: error: linker command failed with exit code 1 (use -v to see invocation)
checked program was:
/* begin */
 1: #include "ruby.h"
 2: 
 3: /*top*/
 4: extern int t(void);
 5: int t(void) { ffi_prep_cif_var(); return 0; }
 6: int main(int argc, char **argv)
 7: {
 8:   if (argc > 1000000) {
 9:     printf("%p", &t);
10:   }
11: 
12:   return 0;
13: }
/* end */

--------------------

extconf.h is:
/* begin */
1: #ifndef EXTCONF_H
2: #define EXTCONF_H
3: #define HAVE_FFI_PREP_CLOSURE 1
4: #define HAVE_RB_THREAD_BLOCKING_REGION 1
5: #define HAVE_RB_THREAD_CALL_WITH_GVL 1
6: #define HAVE_RB_THREAD_CALL_WITHOUT_GVL 1
7: #define RUBY_1_9 1
8: #endif
/* end */

